{"definition":"mla_paged_prefill_causal_h16_ckv512_kpe64_ps1","workload":{"axes":{"total_q":17,"num_pages":989669,"len_indptr":2,"num_kv_indices":19},"inputs":{"q_nope":{"type":"random"},"q_pe":{"type":"random"},"ckv_cache":{"type":"random"},"kpe_cache":{"type":"random"},"sm_scale":{"type":"scalar","value":0.1352337747812271},"qo_indptr":{"type":"safetensors","path":"./blob/workloads/mla_paged/mla_paged_prefill_causal_h16_ckv512_kpe64_ps1/mla_prefill_meta_1a68002dbe7778befc8ca19b2b6bf687.safetensors","tensor_key":"qo_indptr"},"kv_indptr":{"type":"safetensors","path":"./blob/workloads/mla_paged/mla_paged_prefill_causal_h16_ckv512_kpe64_ps1/mla_prefill_meta_1a68002dbe7778befc8ca19b2b6bf687.safetensors","tensor_key":"kv_indptr"},"kv_indices":{"type":"safetensors","path":"./blob/workloads/mla_paged/mla_paged_prefill_causal_h16_ckv512_kpe64_ps1/mla_prefill_meta_1a68002dbe7778befc8ca19b2b6bf687.safetensors","tensor_key":"kv_indices"}},"uuid":"7572654f-7994-431a-bed1-65d7ec507b10"},"solution":"gemini-3-flash-preview_mla_paged_prefill_causal_h16_ckv512_kpe64_ps1_cuda_optimized_r1_c0","evaluation":{"status":"COMPILE_ERROR","environment":{"hardware":"NVIDIA H100 PCIe","libs":{"torch":"2.9.1+cu128","triton":"3.5.1","cuda":"12.8"}},"timestamp":"2026-02-08T21:56:02.578501","log":"BuildError: TVM-FFI compilation failed for 'gemini-3-flash-preview_mla_paged_prefill_causal_h16_ckv512_kpe64_ps1_cuda_optimized_r1_c0': ninja exited with status 1\nstdout:\n[1/3] /home/zhouyayue/miniconda3/envs/flashinfer/bin/x86_64-conda-linux-gnu-c++ -MMD -MF cpp_0.o.d -std=c++17 -fPIC -O2 -I/home/zhouyayue/miniconda3/envs/flashinfer/lib/python3.10/site-packages/tvm_ffi/include -I/home/zhouyayue/miniconda3/envs/flashinfer/lib/python3.10/site-packages/tvm_ffi/include -I/home/zhouyayue/.cache/flashinfer_bench/cache/tvm_ffi/tvm_ffi_gemini_3_flash_preview_mla_paged_prefill_causal_h16_ckv512_kpe64_ps1_cuda_optimized_r1_c0_85a804 -c /home/zhouyayue/.cache/flashinfer_bench/cache/tvm_ffi/tvm_ffi_gemini_3_flash_preview_mla_paged_prefill_causal_h16_ckv512_kpe64_ps1_cuda_optimized_r1_c0_85a804/main.cpp -o cpp_0.o\nFAILED: [code=1] cpp_0.o \n/home/zhouyayue/miniconda3/envs/flashinfer/bin/x86_64-conda-linux-gnu-c++ -MMD -MF cpp_0.o.d -std=c++17 -fPIC -O2 -I/home/zhouyayue/miniconda3/envs/flashinfer/lib/python3.10/site-packages/tvm_ffi/include -I/home/zhouyayue/miniconda3/envs/flashinfer/lib/python3.10/site-packages/tvm_ffi/include -I/home/zhouyayue/.cache/flashinfer_bench/cache/tvm_ffi/tvm_ffi_gemini_3_flash_preview_mla_paged_prefill_causal_h16_ckv512_kpe64_ps1_cuda_optimized_r1_c0_85a804 -c /home/zhouyayue/.cache/flashinfer_bench/cache/tvm_ffi/tvm_ffi_gemini_3_flash_preview_mla_paged_prefill_causal_h16_ckv512_kpe64_ps1_cuda_optimized_r1_c0_85a804/main.cpp -o cpp_0.o\n/home/zhouyayue/.cache/flashinfer_bench/cache/tvm_ffi/tvm_ffi_gemini_3_flash_preview_mla_paged_prefill_causal_h16_ckv512_kpe64_ps1_cuda_optimized_r1_c0_85a804/main.cpp:1:10: fatal error: torch/extension.h: No such file or directory\n    1 | #include <torch/extension.h>\n      |          ^~~~~~~~~~~~~~~~~~~\ncompilation terminated.\n[2/3] /usr/local/cuda/bin/nvcc --generate-dependencies-with-compile --dependency-output cuda_0.o.d -Xcompiler -fPIC -std=c++17 -O2 -gencode=arch=compute_90,code=sm_90 -I/home/zhouyayue/miniconda3/envs/flashinfer/lib/python3.10/site-packages/tvm_ffi/include -I/home/zhouyayue/miniconda3/envs/flashinfer/lib/python3.10/site-packages/tvm_ffi/include -I/home/zhouyayue/.cache/flashinfer_bench/cache/tvm_ffi/tvm_ffi_gemini_3_flash_preview_mla_paged_prefill_causal_h16_ckv512_kpe64_ps1_cuda_optimized_r1_c0_85a804 -c /home/zhouyayue/.cache/flashinfer_bench/cache/tvm_ffi/tvm_ffi_gemini_3_flash_preview_mla_paged_prefill_causal_h16_ckv512_kpe64_ps1_cuda_optimized_r1_c0_85a804/kernel.cu -o cuda_0.o\nFAILED: [code=1] cuda_0.o \n/usr/local/cuda/bin/nvcc --generate-dependencies-with-compile --dependency-output cuda_0.o.d -Xcompiler -fPIC -std=c++17 -O2 -gencode=arch=compute_90,code=sm_90 -I/home/zhouyayue/miniconda3/envs/flashinfer/lib/python3.10/site-packages/tvm_ffi/include -I/home/zhouyayue/miniconda3/envs/flashinfer/lib/python3.10/site-packages/tvm_ffi/include -I/home/zhouyayue/.cache/flashinfer_bench/cache/tvm_ffi/tvm_ffi_gemini_3_flash_preview_mla_paged_prefill_causal_h16_ckv512_kpe64_ps1_cuda_optimized_r1_c0_85a804 -c /home/zhouyayue/.cache/flashinfer_bench/cache/tvm_ffi/tvm_ffi_gemini_3_flash_preview_mla_paged_prefill_causal_h16_ckv512_kpe64_ps1_cuda_optimized_r1_c0_85a804/kernel.cu -o cuda_0.o\nIn file included from /usr/local/cuda/bin/../targets/x86_64-linux/include/cuda_runtime.h:82,\n                 from <command-line>:\n/usr/local/cuda/bin/../targets/x86_64-linux/include/crt/host_config.h:143:2: error: #error -- unsupported GNU version! gcc versions later than 14 are not supported! The nvcc flag '-allow-unsupported-compiler' can be used to override this version check; however, using an unsupported host compiler may cause compilation failure or incorrect run time execution. Use at your own risk.\n  143 | #error -- unsupported GNU version! gcc versions later than 14 are not supported! The nvcc flag '-allow-unsupported-compiler' can be used to override this version check; however, using an unsupported host compiler may cause compilation failure or incorrect run time execution. Use at your own risk.\n      |  ^~~~~\nIn file included from /home/zhouyayue/.cache/flashinfer_bench/cache/tvm_ffi/tvm_ffi_gemini_3_flash_preview_mla_paged_prefill_causal_h16_ckv512_kpe64_ps1_cuda_optimized_r1_c0_85a804/kernel.cu:1:\n/home/zhouyayue/.cache/flashinfer_bench/cache/tvm_ffi/tvm_ffi_gemini_3_flash_preview_mla_paged_prefill_causal_h16_ckv512_kpe64_ps1_cuda_optimized_r1_c0_85a804/kernel.h:4:10: fatal error: torch/extension.h: No such file or directory\n    4 | #include <torch/extension.h>\n      |          ^~~~~~~~~~~~~~~~~~~\ncompilation terminated.\nninja: build stopped: subcommand failed.\n\n\nTraceback:\nTraceback (most recent call last):\n  File \"/home/zhouyayue/flashinfer-bench/flashinfer_bench/compile/builders/tvm_ffi_builder.py\", line 264, in build\n    output_lib_path = tvm_ffi.cpp.build(\n  File \"/home/zhouyayue/miniconda3/envs/flashinfer/lib/python3.10/site-packages/tvm_ffi/cpp/extension.py\", line 1034, in build\n    return _build_impl(\n  File \"/home/zhouyayue/miniconda3/envs/flashinfer/lib/python3.10/site-packages/tvm_ffi/cpp/extension.py\", line 540, in _build_impl\n    build_ninja(str(build_dir))\n  File \"/home/zhouyayue/miniconda3/envs/flashinfer/lib/python3.10/site-packages/tvm_ffi/cpp/extension.py\", line 412, in build_ninja\n    raise RuntimeError(\"\\n\".join(msg))\nRuntimeError: ninja exited with status 1\nstdout:\n[1/3] /home/zhouyayue/miniconda3/envs/flashinfer/bin/x86_64-conda-linux-gnu-c++ -MMD -MF cpp_0.o.d -std=c++17 -fPIC -O2 -I/home/zhouyayue/miniconda3/envs/flashinfer/lib/python3.10/site-packages/tvm_ffi/include -I/home/zhouyayue/miniconda3/envs/flashinfer/lib/python3.10/site-packages/tvm_ffi/include -I/home/zhouyayue/.cache/flashinfer_bench/cache/tvm_ffi/tvm_ffi_gemini_3_flash_preview_mla_paged_prefill_causal_h16_ckv512_kpe64_ps1_cuda_optimized_r1_c0_85a804 -c /home/zhouyayue/.cache/flashinfer_bench/cache/tvm_ffi/tvm_ffi_gemini_3_flash_preview_mla_paged_prefill_causal_h16_ckv512_kpe64_ps1_cuda_optimized_r1_c0_85a804/main.cpp -o cpp_0.o\nFAILED: [code=1] cpp_0.o \n/home/zhouyayue/miniconda3/envs/flashinfer/bin/x86_64-conda-linux-gnu-c++ -MMD -MF cpp_0.o.d -std=c++17 -fPIC -O2 -I/home/zhouyayue/miniconda3/envs/flashinfer/lib/python3.10/site-packages/tvm_ffi/include -I/home/zhouyayue/miniconda3/envs/flashinfer/lib/python3.10/site-packages/tvm_ffi/include -I/home/zhouyayue/.cache/flashinfer_bench/cache/tvm_ffi/tvm_ffi_gemini_3_flash_preview_mla_paged_prefill_causal_h16_ckv512_kpe64_ps1_cuda_optimized_r1_c0_85a804 -c /home/zhouyayue/.cache/flashinfer_bench/cache/tvm_ffi/tvm_ffi_gemini_3_flash_preview_mla_paged_prefill_causal_h16_ckv512_kpe64_ps1_cuda_optimized_r1_c0_85a804/main.cpp -o cpp_0.o\n/home/zhouyayue/.cache/flashinfer_bench/cache/tvm_ffi/tvm_ffi_gemini_3_flash_preview_mla_paged_prefill_causal_h16_ckv512_kpe64_ps1_cuda_optimized_r1_c0_85a804/main.cpp:1:10: fatal error: torch/extension.h: No such file or directory\n    1 | #include <torch/extension.h>\n      |          ^~~~~~~~~~~~~~~~~~~\ncompilation terminated.\n[2/3] /usr/local/cuda/bin/nvcc --generate-dependencies-with-compile --dependency-output cuda_0.o.d -Xcompiler -fPIC -std=c++17 -O2 -gencode=arch=compute_90,code=sm_90 -I/home/zhouyayue/miniconda3/envs/flashinfer/lib/python3.10/site-packages/tvm_ffi/include -I/home/zhouyayue/miniconda3/envs/flashinfer/lib/python3.10/site-packages/tvm_ffi/include -I/home/zhouyayue/.cache/flashinfer_bench/cache/tvm_ffi/tvm_ffi_gemini_3_flash_preview_mla_paged_prefill_causal_h16_ckv512_kpe64_ps1_cuda_optimized_r1_c0_85a804 -c /home/zhouyayue/.cache/flashinfer_bench/cache/tvm_ffi/tvm_ffi_gemini_3_flash_preview_mla_paged_prefill_causal_h16_ckv512_kpe64_ps1_cuda_optimized_r1_c0_85a804/kernel.cu -o cuda_0.o\nFAILED: [code=1] cuda_0.o \n/usr/local/cuda/bin/nvcc --generate-dependencies-with-compile --dependency-output cuda_0.o.d -Xcompiler -fPIC -std=c++17 -O2 -gencode=arch=compute_90,code=sm_90 -I/home/zhouyayue/miniconda3/envs/flashinfer/lib/python3.10/site-packages/tvm_ffi/include -I/home/zhouyayue/miniconda3/envs/flashinfer/lib/python3.10/site-packages/tvm_ffi/include -I/home/zhouyayue/.cache/flashinfer_bench/cache/tvm_ffi/tvm_ffi_gemini_3_flash_preview_mla_paged_prefill_causal_h16_ckv512_kpe64_ps1_cuda_optimized_r1_c0_85a804 -c /home/zhouyayue/.cache/flashinfer_bench/cache/tvm_ffi/tvm_ffi_gemini_3_flash_preview_mla_paged_prefill_causal_h16_ckv512_kpe64_ps1_cuda_optimized_r1_c0_85a804/kernel.cu -o cuda_0.o\nIn file included from /usr/local/cuda/bin/../targets/x86_64-linux/include/cuda_runtime.h:82,\n                 from <command-line>:\n/usr/local/cuda/bin/../targets/x86_64-linux/include/crt/host_config.h:143:2: error: #error -- unsupported GNU version! gcc versions later than 14 are not supported! The nvcc flag '-allow-unsupported-compiler' can be used to override this version check; however, using an unsupported host compiler may cause compilation failure or incorrect run time execution. Use at your own risk.\n  143 | #error -- unsupported GNU version! gcc versions later than 14 are not supported! The nvcc flag '-allow-unsupported-compiler' can be used to override this version check; however, using an unsupported host compiler may cause compilation failure or incorrect run time execution. Use at your own risk.\n      |  ^~~~~\nIn file included from /home/zhouyayue/.cache/flashinfer_bench/cache/tvm_ffi/tvm_ffi_gemini_3_flash_preview_mla_paged_prefill_causal_h16_ckv512_kpe64_ps1_cuda_optimized_r1_c0_85a804/kernel.cu:1:\n/home/zhouyayue/.cache/flashinfer_bench/cache/tvm_ffi/tvm_ffi_gemini_3_flash_preview_mla_paged_prefill_causal_h16_ckv512_kpe64_ps1_cuda_optimized_r1_c0_85a804/kernel.h:4:10: fatal error: torch/extension.h: No such file or directory\n    4 | #include <torch/extension.h>\n      |          ^~~~~~~~~~~~~~~~~~~\ncompilation terminated.\nninja: build stopped: subcommand failed.\n\n\nThe above exception was the direct cause of the following exception:\n\nTraceback (most recent call last):\n  File \"/home/zhouyayue/flashinfer-bench/flashinfer_bench/bench/runner/persistent_runner.py\", line 712, in _persistent_worker_main\n    runnable_sol = registry.build(definition, solution)\n  File \"/home/zhouyayue/flashinfer-bench/flashinfer_bench/compile/registry.py\", line 141, in build\n    runnable = builder.build(definition, solution)\n  File \"/home/zhouyayue/flashinfer-bench/flashinfer_bench/compile/builders/tvm_ffi_builder.py\", line 272, in build\n    raise BuildError(\nflashinfer_bench.compile.builder.BuildError: TVM-FFI compilation failed for 'gemini-3-flash-preview_mla_paged_prefill_causal_h16_ckv512_kpe64_ps1_cuda_optimized_r1_c0': ninja exited with status 1\nstdout:\n[1/3] /home/zhouyayue/miniconda3/envs/flashinfer/bin/x86_64-conda-linux-gnu-c++ -MMD -MF cpp_0.o.d -std=c++17 -fPIC -O2 -I/home/zhouyayue/miniconda3/envs/flashinfer/lib/python3.10/site-packages/tvm_ffi/include -I/home/zhouyayue/miniconda3/envs/flashinfer/lib/python3.10/site-packages/tvm_ffi/include -I/home/zhouyayue/.cache/flashinfer_bench/cache/tvm_ffi/tvm_ffi_gemini_3_flash_preview_mla_paged_prefill_causal_h16_ckv512_kpe64_ps1_cuda_optimized_r1_c0_85a804 -c /home/zhouyayue/.cache/flashinfer_bench/cache/tvm_ffi/tvm_ffi_gemini_3_flash_preview_mla_paged_prefill_causal_h16_ckv512_kpe64_ps1_cuda_optimized_r1_c0_85a804/main.cpp -o cpp_0.o\nFAILED: [code=1] cpp_0.o \n/home/zhouyayue/miniconda3/envs/flashinfer/bin/x86_64-conda-linux-gnu-c++ -MMD -MF cpp_0.o.d -std=c++17 -fPIC -O2 -I/home/zhouyayue/miniconda3/envs/flashinfer/lib/python3.10/site-packages/tvm_ffi/include -I/home/zhouyayue/miniconda3/envs/flashinfer/lib/python3.10/site-packages/tvm_ffi/include -I/home/zhouyayue/.cache/flashinfer_bench/cache/tvm_ffi/tvm_ffi_gemini_3_flash_preview_mla_paged_prefill_causal_h16_ckv512_kpe64_ps1_cuda_optimized_r1_c0_85a804 -c /home/zhouyayue/.cache/flashinfer_bench/cache/tvm_ffi/tvm_ffi_gemini_3_flash_preview_mla_paged_prefill_causal_h16_ckv512_kpe64_ps1_cuda_optimized_r1_c0_85a804/main.cpp -o cpp_0.o\n/home/zhouyayue/.cache/flashinfer_bench/cache/tvm_ffi/tvm_ffi_gemini_3_flash_preview_mla_paged_prefill_causal_h16_ckv512_kpe64_ps1_cuda_optimized_r1_c0_85a804/main.cpp:1:10: fatal error: torch/extension.h: No such file or directory\n    1 | #include <torch/extension.h>\n      |          ^~~~~~~~~~~~~~~~~~~\ncompilation terminated.\n[2/3] /usr/local/cuda/bin/nvcc --generate-dependencies-with-compile --dependency-output cuda_0.o.d -Xcompiler -fPIC -std=c++17 -O2 -gencode=arch=compute_90,code=sm_90 -I/home/zhouyayue/miniconda3/envs/flashinfer/lib/python3.10/site-packages/tvm_ffi/include -I/home/zhouyayue/miniconda3/envs/flashinfer/lib/python3.10/site-packages/tvm_ffi/include -I/home/zhouyayue/.cache/flashinfer_bench/cache/tvm_ffi/tvm_ffi_gemini_3_flash_preview_mla_paged_prefill_causal_h16_ckv512_kpe64_ps1_cuda_optimized_r1_c0_85a804 -c /home/zhouyayue/.cache/flashinfer_bench/cache/tvm_ffi/tvm_ffi_gemini_3_flash_preview_mla_paged_prefill_causal_h16_ckv512_kpe64_ps1_cuda_optimized_r1_c0_85a804/kernel.cu -o cuda_0.o\nFAILED: [code=1] cuda_0.o \n/usr/local/cuda/bin/nvcc --generate-dependencies-with-compile --dependency-output cuda_0.o.d -Xcompiler -fPIC -std=c++17 -O2 -gencode=arch=compute_90,code=sm_90 -I/home/zhouyayue/miniconda3/envs/flashinfer/lib/python3.10/site-packages/tvm_ffi/include -I/home/zhouyayue/miniconda3/envs/flashinfer/lib/python3.10/site-packages/tvm_ffi/include -I/home/zhouyayue/.cache/flashinfer_bench/cache/tvm_ffi/tvm_ffi_gemini_3_flash_preview_mla_paged_prefill_causal_h16_ckv512_kpe64_ps1_cuda_optimized_r1_c0_85a804 -c /home/zhouyayue/.cache/flashinfer_bench/cache/tvm_ffi/tvm_ffi_gemini_3_flash_preview_mla_paged_prefill_causal_h16_ckv512_kpe64_ps1_cuda_optimized_r1_c0_85a804/kernel.cu -o cuda_0.o\nIn file included from /usr/local/cuda/bin/../targets/x86_64-linux/include/cuda_runtime.h:82,\n                 from <command-line>:\n/usr/local/cuda/bin/../targets/x86_64-linux/include/crt/host_config.h:143:2: error: #error -- unsupported GNU version! gcc versions later than 14 are not supported! The nvcc flag '-allow-unsupported-compiler' can be used to override this version check; however, using an unsupported host compiler may cause compilation failure or incorrect run time execution. Use at your own risk.\n  143 | #error -- unsupported GNU version! gcc versions later than 14 are not supported! The nvcc flag '-allow-unsupported-compiler' can be used to override this version check; however, using an unsupported host compiler may cause compilation failure or incorrect run time execution. Use at your own risk.\n      |  ^~~~~\nIn file included from /home/zhouyayue/.cache/flashinfer_bench/cache/tvm_ffi/tvm_ffi_gemini_3_flash_preview_mla_paged_prefill_causal_h16_ckv512_kpe64_ps1_cuda_optimized_r1_c0_85a804/kernel.cu:1:\n/home/zhouyayue/.cache/flashinfer_bench/cache/tvm_ffi/tvm_ffi_gemini_3_flash_preview_mla_paged_prefill_causal_h16_ckv512_kpe64_ps1_cuda_optimized_r1_c0_85a804/kernel.h:4:10: fatal error: torch/extension.h: No such file or directory\n    4 | #include <torch/extension.h>\n      |          ^~~~~~~~~~~~~~~~~~~\ncompilation terminated.\nninja: build stopped: subcommand failed.\n\n\n","correctness":null,"performance":null}}
